<?xml version="1.0" encoding="UTF-8"?>
<testsuite name="Test Google search functionality" tests="1" skipped="0" failures="0" errors="0" timestamp="2021-07-31T00:31:14" hostname="FSP_083" time="2.537">
  <properties/>
  <testcase name="As a user I enter a searh criteria in Google" classname="Test Google search functionality" time="2.537"/>
  <system-out><![CDATA[]]></system-out>
  <system-err><![CDATA[Starting ChromeDriver 92.0.4515.107 (87a818b10553a07434ea9e2b6dccf3cbe7895134-refs/branch-heads/4515@{#1634}) on port 37063
Only local connections are allowed.
Please see https://chromedriver.chromium.org/security-considerations for suggestions on keeping ChromeDriver safe.
ChromeDriver was started successfully.
jul 30, 2021 9:31:15 PM org.openqa.selenium.remote.ProtocolHandshake createSession
INFORMACIÓN: Detected dialect: W3C
]]></system-err>
</testsuite>
